<?xml version="1.0" encoding="UTF-8"?>
<!-- Generated by org.testng.reporters.JUnitXMLReporter -->
<testsuite ignored="0" hostname="Juan" failures="0" tests="4" name="Default test" time="29.036" errors="0" timestamp="2023-07-28T19:46:14 COT">
  <testcase classname="com.globant.app.E1_BookingTillCompleteCreditCardTest" name="searchFlight" time="5.254"/>
  <testcase classname="com.globant.app.E1_BookingTillCompleteCreditCardTest" name="filterOptions" time="4.989"/>
  <testcase classname="com.globant.app.E1_BookingTillCompleteCreditCardTest" name="selectButtonPresentOnEveryResult" time="0.696"/>
  <testcase classname="com.globant.app.E1_BookingTillCompleteCreditCardTest" name="verifyTripDetails" time="10.783"/>
</testsuite> <!-- Default test -->
