<?xml version="1.0" encoding="UTF-8"?>
<testng-results ignored="0" total="1" passed="1" failed="0" skipped="0">
  <reporter-output>
  </reporter-output>
  <suite started-at="2023-07-06T19:49:31 COT" name="Default suite" finished-at="2023-07-06T19:49:40 COT" duration-ms="8865">
    <groups>
    </groups>
    <test started-at="2023-07-06T19:49:31 COT" name="Default test" finished-at="2023-07-06T19:49:40 COT" duration-ms="8865">
      <class name="com.globant.app.E1_BookingTillCompleteCreditCardTest">
        <test-method is-config="true" signature="setup()[pri:0, instance:com.globant.app.E1_BookingTillCompleteCreditCardTest@33990a0c]" started-at="2023-07-06T19:49:31 COT" name="setup" finished-at="2023-07-06T19:49:37 COT" duration-ms="6575" status="PASS">
          <reporter-output>
          </reporter-output>
        </test-method> <!-- setup -->
        <test-method signature="endToEndTest()[pri:0, instance:com.globant.app.E1_BookingTillCompleteCreditCardTest@33990a0c]" started-at="2023-07-06T19:49:37 COT" name="endToEndTest" finished-at="2023-07-06T19:49:40 COT" duration-ms="2269" status="PASS">
          <reporter-output>
          </reporter-output>
        </test-method> <!-- endToEndTest -->
        <test-method is-config="true" signature="tearDown()[pri:0, instance:com.globant.app.E1_BookingTillCompleteCreditCardTest@33990a0c]" started-at="2023-07-06T19:49:40 COT" name="tearDown" finished-at="2023-07-06T19:49:40 COT" duration-ms="0" status="PASS">
          <reporter-output>
          </reporter-output>
        </test-method> <!-- tearDown -->
      </class> <!-- com.globant.app.E1_BookingTillCompleteCreditCardTest -->
    </test> <!-- Default test -->
  </suite> <!-- Default suite -->
</testng-results>
